* 3239254 (feature-eol) añade archivo con EOL de windows
| * 848b727 (feature-rename) renombra y modifica archivo.txt en feature-rename
|/  
* 7f5773b (HEAD -> main) modifica archivo.txt en main
| * 3f30c64 (feature-x) modifica archivo.txt en la rama feature-x
|/  
*   9754277 Add 'vendor/demo/' from commit '855b76ed994e56ce7da64ac1325437b0a6fa5b82'
|\  
| * 855b76e Se elimino test2
| *   a0ba8d5 Merge branch 'main' of github.com:pineda-404/PC01-DS
| |\  
| | *   8bfbf58 Merge pull request #3 from MateoTorresFuero/Makefile/MateoTorres
| | |\  
| | | * 74497ea Pruebas para el sprint 2
| * | | 7eba4b4 Agrega link del video en bitacora-sprint3
| * | | 63b860f Agrega guia de ejecucion
| * | | 8b5826b Actualiza README.md
| * | | 5ff1d78 Agrega bitacoras de los sprints 2 y 3
| * | | 11c20e3 Agrega targets faltantes en Makefile
| * | | cf2f8fc Implementa el README.md y bitacora-sprint2.md
| * | | 7de3a44 Corrige utils.sh y test
| * | |   0cd1a3e Merge branch 'develop' of github.com:pineda-404/PC01-DS into develop
| |\ \ \  
| | * \ \   614103f Merge pull request #2 from MateoTorresFuero/develop
| | |\ \ \  
| | | | |/  
| | | |/|   
| | | * | 90dcffa Bitácora Sprint 1
| * | | | 351ce85 Implementa todas las variables para .env.example
| * | | | e41616f Actualiza los scripts security_checker, http_checker, dns_checker y utils
| * | | | d09fa87 Agrega la implementacion de tls_checker.sh
| * | | | 4b421a4 Corrige la direccion del output que generan dns_checker.sh y http_checker.sh
| * | | | 8de839c Implementa tls_checker.sh
| * | | | 0a6a076 Actualiza utils.sh
| |/ / /  
| * | | 694db05 Merge pull request #1 from MateoTorresFuero/develop
| |\| | 
| | * | cd25814 Test para verificar que todo esté correcto
| | * | af7b7bd Creación de Makefile para el integrador de seguridad
| |/ /  
| * | e1e3a36 Corrige security_checker.sh
| * | f892dcd Agrega la implementacion de security_checker.sh
| * | f0c8313 Agrega la implementacion de http_checker.sh
| * | eb50d9d Agrega la implementacion de dns_checker
| * | a2aad3d Agrega .env.example
| * | 522b336 Agrega implementacion a utils.sh
| |/  
| * 0ffcdae Crea estructura del proyecto
| * 5eb2770 Initial commit
* ef5dd17 (origin/main) agrega evidencias 10, 11 y 12
* a005dee agrega evidencias 07, 08 y 09
*   bf05b8e (feat-b, feat-a) Merge branch 'feature-validate'
|\  
| * dcaf9c1 (feature-validate) crea script.sh
|/  
* 0862471 (feature-rebase, feature-ffonly) Add cambio desde feature
*   8da395d Resolver conflicto entre main y feature
|\  
| * 82d9e5d (feature-update) Cambio en feature
* | 26ed833 Cambio en main
|/  
* 08e4519 agrega primera linea en index.html
* 0d46835 Squash de feature-3: resuelve ejercicio C
| * 6c8340c (feature-3) responde pregunta C de README.md
| * b035790 agrega pregunta C a README.md
| *   5e71a24 Merge branch 'main' into feature-3
| |\  
| |/  
|/|   
* |   86892e5 Merge branch 'add-respuestaB'
|\ \  
| * | 5478c2b (add-respuestaB) responde pregunta B del README.md
* | |   022274c Merge branch 'add-respuestaA'
|\ \ \  
| |/ /  
|/| |   
| * | 819ec1c (add-respuestaA) responde pregunta A del README.md
|/ /  
* | 7b51f99 (add-pregunta) agrega pregunta B en el README.md
* | 30614db Squash de feature-3: documentación estándar
| * 396ad03 agrega evidencia de 03-squas.log
| * e8c6837 evidencia de 02-ff.log
| * 9845406 evidencia de 01-ff.log
|/  
*   321d7f2 merge --no-ff de add-feature hacia main
|\  
| * 268ab91 (add-feature) agrega pregunta A en README.md
| * b3d8fe0 agrega sección preguntas
|/  
* bf207fc (feature-1) coloca titulo en README.md
* f1b5254 Initial commit
